2026-03-15 18:19:31,385 - INFO - Pipeline started
2026-03-15 18:19:31,385 - INFO - Stage: ingestion started
2026-03-15 18:19:31,385 - ERROR - Pipeline failed with error: | status=FAILED | Ingestion failed: broken source
Traceback (most recent call last):
  File "C:\Users\samic\OneDrive\Desktop\spring project\opsight\run_pipeline.py", line 57, in run_pipeline
    raw_data = ingest_data(DATA_SOURCE)
               ^^^^^^^^^^^^^^^^^^^^^^^^
  File "C:\Users\samic\AppData\Local\Programs\Python\Python312\Lib\unittest\mock.py", line 1134, in __call__
    return self._mock_call(*args, **kwargs)
           ^^^^^^^^^^^^^^^^^^^^^^^^^^^^^^^^
  File "C:\Users\samic\AppData\Local\Programs\Python\Python312\Lib\unittest\mock.py", line 1138, in _mock_call
    return self._execute_mock_call(*args, **kwargs)
           ^^^^^^^^^^^^^^^^^^^^^^^^^^^^^^^^^^^^^^^^
  File "C:\Users\samic\AppData\Local\Programs\Python\Python312\Lib\unittest\mock.py", line 1193, in _execute_mock_call
    raise effect
RuntimeError: broken source

The above exception was the direct cause of the following exception:

Traceback (most recent call last):
  File "C:\Users\samic\OneDrive\Desktop\spring project\opsight\run_pipeline.py", line 61, in run_pipeline
    raise RuntimeError(f"Ingestion failed: {e}") from e
RuntimeError: Ingestion failed: broken source
2026-03-15 18:19:31,412 - INFO - Pipeline finished | status=FAILED | runtime=0:00:00.027310
2026-03-15 18:19:31,421 - INFO - Pipeline started
2026-03-15 18:19:31,421 - INFO - Stage: ingestion started
2026-03-15 18:19:31,421 - INFO - Stage: ingestion completed
2026-03-15 18:19:31,421 - INFO - Stage: adapter started
2026-03-15 18:19:31,421 - INFO - Stage: adapter completed | records=2
2026-03-15 18:19:31,422 - INFO - Stage: validation started
2026-03-15 18:19:31,422 - INFO - Stage: validation completed | valid=1 invalid=1
2026-03-15 18:19:31,422 - INFO - Stage: persistence started
2026-03-15 18:19:31,422 - INFO - Stage: persistence completed
2026-03-15 18:19:31,422 - INFO - Pipeline finished | status=SUCCESS | runtime=0:00:00.001000
